<?xml version="1.0" encoding="UTF-8"?>
<!-- Generated by org.testng.reporters.JUnitReportReporter -->
<testsuite hostname="DESKTOP-5C9CO60" failures="0" tests="1" name="NewTest1" time="0.015" errors="0" timestamp="2023-04-27T12:23:43 IST" skipped="0">
  <testcase classname="NewTest1" name="add" time="0.015"/>
  <system-out/>
</testsuite> <!-- NewTest1 -->
